{"/Users/Reagan/Desktop/gulp-simple-task-loader/build/index.js":{"path":"/Users/Reagan/Desktop/gulp-simple-task-loader/build/index.js","s":{"1":5,"2":5,"3":5,"4":5,"5":5,"6":5,"7":5,"8":5,"9":5,"10":5,"11":5,"12":5,"13":5,"14":4,"15":1,"16":3,"17":6,"18":6,"19":6,"20":0,"21":6,"22":6,"23":6,"24":6,"25":6,"26":6},"b":{"1":[5,0],"2":[5,0],"3":[5,5],"4":[1,3],"5":[0,6],"6":[6,6],"7":[6,6],"8":[0,6],"9":[0,0]},"f":{"1":5,"2":6,"3":0},"fnMap":{"1":{"name":"(anonymous_1)","line":17,"loc":{"start":{"line":17,"column":17},"end":{"line":17,"column":36}}},"2":{"name":"(anonymous_2)","line":33,"loc":{"start":{"line":33,"column":48},"end":{"line":33,"column":68}}},"3":{"name":"(anonymous_3)","line":46,"loc":{"start":{"line":46,"column":46},"end":{"line":46,"column":58}}}},"statementMap":{"1":{"start":{"line":3,"column":0},"end":{"line":3,"column":23}},"2":{"start":{"line":4,"column":0},"end":{"line":4,"column":26}},"3":{"start":{"line":5,"column":0},"end":{"line":5,"column":27}},"4":{"start":{"line":6,"column":0},"end":{"line":6,"column":56}},"5":{"start":{"line":7,"column":0},"end":{"line":7,"column":27}},"6":{"start":{"line":9,"column":0},"end":{"line":15,"column":2}},"7":{"start":{"line":17,"column":0},"end":{"line":50,"column":2}},"8":{"start":{"line":18,"column":2},"end":{"line":18,"column":46}},"9":{"start":{"line":20,"column":2},"end":{"line":22,"column":3}},"10":{"start":{"line":21,"column":4},"end":{"line":21,"column":57}},"11":{"start":{"line":24,"column":2},"end":{"line":26,"column":3}},"12":{"start":{"line":25,"column":4},"end":{"line":25,"column":76}},"13":{"start":{"line":28,"column":2},"end":{"line":28,"column":51}},"14":{"start":{"line":29,"column":2},"end":{"line":31,"column":3}},"15":{"start":{"line":30,"column":4},"end":{"line":30,"column":79}},"16":{"start":{"line":33,"column":2},"end":{"line":49,"column":5}},"17":{"start":{"line":34,"column":4},"end":{"line":34,"column":58}},"18":{"start":{"line":35,"column":4},"end":{"line":35,"column":33}},"19":{"start":{"line":37,"column":4},"end":{"line":39,"column":5}},"20":{"start":{"line":38,"column":6},"end":{"line":38,"column":13}},"21":{"start":{"line":41,"column":4},"end":{"line":41,"column":41}},"22":{"start":{"line":42,"column":4},"end":{"line":42,"column":89}},"23":{"start":{"line":44,"column":4},"end":{"line":44,"column":124}},"24":{"start":{"line":45,"column":4},"end":{"line":45,"column":39}},"25":{"start":{"line":46,"column":4},"end":{"line":46,"column":72}},"26":{"start":{"line":48,"column":4},"end":{"line":48,"column":42}}},"branchMap":{"1":{"line":20,"type":"if","locations":[{"start":{"line":20,"column":2},"end":{"line":20,"column":2}},{"start":{"line":20,"column":2},"end":{"line":20,"column":2}}]},"2":{"line":24,"type":"if","locations":[{"start":{"line":24,"column":2},"end":{"line":24,"column":2}},{"start":{"line":24,"column":2},"end":{"line":24,"column":2}}]},"3":{"line":24,"type":"binary-expr","locations":[{"start":{"line":24,"column":6},"end":{"line":24,"column":43}},{"start":{"line":24,"column":47},"end":{"line":24,"column":99}}]},"4":{"line":29,"type":"if","locations":[{"start":{"line":29,"column":2},"end":{"line":29,"column":2}},{"start":{"line":29,"column":2},"end":{"line":29,"column":2}}]},"5":{"line":37,"type":"if","locations":[{"start":{"line":37,"column":4},"end":{"line":37,"column":4}},{"start":{"line":37,"column":4},"end":{"line":37,"column":4}}]},"6":{"line":37,"type":"binary-expr","locations":[{"start":{"line":37,"column":8},"end":{"line":37,"column":21}},{"start":{"line":37,"column":25},"end":{"line":37,"column":53}}]},"7":{"line":45,"type":"binary-expr","locations":[{"start":{"line":45,"column":19},"end":{"line":45,"column":32}},{"start":{"line":45,"column":36},"end":{"line":45,"column":38}}]},"8":{"line":46,"type":"cond-expr","locations":[{"start":{"line":46,"column":31},"end":{"line":46,"column":60}},{"start":{"line":46,"column":63},"end":{"line":46,"column":71}}]},"9":{"line":46,"type":"binary-expr","locations":[{"start":{"line":46,"column":31},"end":{"line":46,"column":42}},{"start":{"line":46,"column":46},"end":{"line":46,"column":60}}]}}}}