TN:
SF:/Users/Reagan/Desktop/gulp-simple-task-loader/build/index.js
FN:17,(anonymous_1)
FN:33,(anonymous_2)
FN:46,(anonymous_3)
FNF:3
FNH:2
FNDA:5,(anonymous_1)
FNDA:6,(anonymous_2)
FNDA:0,(anonymous_3)
DA:3,5
DA:4,5
DA:5,5
DA:6,5
DA:7,5
DA:9,5
DA:17,5
DA:18,5
DA:20,5
DA:21,5
DA:24,5
DA:25,5
DA:28,5
DA:29,4
DA:30,1
DA:33,3
DA:34,6
DA:35,6
DA:37,6
DA:38,0
DA:41,6
DA:42,6
DA:44,6
DA:45,6
DA:46,6
DA:48,6
LF:26
LH:25
BRDA:20,1,0,5
BRDA:20,1,1,0
BRDA:24,2,0,5
BRDA:24,2,1,0
BRDA:24,3,0,5
BRDA:24,3,1,5
BRDA:29,4,0,1
BRDA:29,4,1,3
BRDA:37,5,0,0
BRDA:37,5,1,6
BRDA:37,6,0,6
BRDA:37,6,1,6
BRDA:45,7,0,6
BRDA:45,7,1,6
BRDA:46,8,0,0
BRDA:46,8,1,6
BRDA:46,9,0,0
BRDA:46,9,1,0
BRF:18
BRH:12
end_of_record
