TN:
SF:/Users/Reagan/Desktop/gulp-simple-task-loader/build/index.js
FN:16,voidFunction
FN:20,(anonymous_2)
FN:38,processDirectory
FN:39,(anonymous_4)
FN:42,(anonymous_5)
FN:53,(anonymous_6)
FNF:6
FNH:6
FNDA:1,voidFunction
FNDA:9,(anonymous_2)
FNDA:12,processDirectory
FNDA:36,(anonymous_4)
FNDA:30,(anonymous_5)
FNDA:30,(anonymous_6)
DA:3,9
DA:4,9
DA:5,9
DA:6,9
DA:8,9
DA:16,1
DA:17,1
DA:20,9
DA:21,9
DA:23,9
DA:24,1
DA:27,8
DA:28,1
DA:31,8
DA:33,8
DA:34,7
DA:35,1
DA:38,1
DA:39,12
DA:40,36
DA:41,36
DA:43,30
DA:45,30
DA:46,6
DA:48,24
DA:49,24
DA:51,24
DA:54,30
DA:55,6
DA:57,24
DA:58,24
DA:59,24
DA:61,24
DA:66,6
LF:34
LH:34
BRDA:23,1,0,1
BRDA:23,1,1,8
BRDA:27,2,0,1
BRDA:27,2,1,7
BRDA:34,3,0,1
BRDA:34,3,1,6
BRDA:41,4,0,36
BRDA:41,4,1,12
BRDA:45,5,0,6
BRDA:45,5,1,24
BRDA:54,6,0,6
BRDA:54,6,1,24
BRDA:58,7,0,24
BRDA:58,7,1,18
BRDA:59,8,0,12
BRDA:59,8,1,12
BRDA:59,9,0,24
BRDA:59,9,1,18
BRDA:59,10,0,12
BRDA:59,10,1,6
BRF:20
BRH:20
end_of_record
